<?xml version="1.0" encoding="UTF-8"?>
<testng-results skipped="0" failed="0" ignored="0" total="3" passed="3">
  <reporter-output>
  </reporter-output>
  <suite name="Default suite" duration-ms="62688" started-at="2019-09-25T11:08:29Z" finished-at="2019-09-25T11:09:32Z">
    <groups>
    </groups>
    <test name="Default test" duration-ms="62688" started-at="2019-09-25T11:08:29Z" finished-at="2019-09-25T11:09:32Z">
      <class name="com.demo.testcases.LoginPageTest">
        <test-method status="PASS" signature="setup()[pri:0, instance:com.demo.testcases.LoginPageTest@6a41eaa2]" name="setup" is-config="true" duration-ms="25794" started-at="2019-09-25T11:08:29Z" finished-at="2019-09-25T11:08:55Z">
          <reporter-output>
          </reporter-output>
        </test-method> <!-- setup -->
        <test-method status="PASS" signature="loginpagetitletest()[pri:1, instance:com.demo.testcases.LoginPageTest@6a41eaa2]" name="loginpagetitletest" duration-ms="16" started-at="2019-09-25T11:08:55Z" finished-at="2019-09-25T11:08:55Z">
          <reporter-output>
          </reporter-output>
        </test-method> <!-- loginpagetitletest -->
        <test-method status="PASS" signature="tearDown()[pri:0, instance:com.demo.testcases.LoginPageTest@6a41eaa2]" name="tearDown" is-config="true" duration-ms="668" started-at="2019-09-25T11:08:55Z" finished-at="2019-09-25T11:08:55Z">
          <reporter-output>
          </reporter-output>
        </test-method> <!-- tearDown -->
        <test-method status="PASS" signature="setup()[pri:0, instance:com.demo.testcases.LoginPageTest@6a41eaa2]" name="setup" is-config="true" duration-ms="19037" started-at="2019-09-25T11:08:55Z" finished-at="2019-09-25T11:09:14Z">
          <reporter-output>
          </reporter-output>
        </test-method> <!-- setup -->
        <test-method status="PASS" signature="logoImagetest()[pri:2, instance:com.demo.testcases.LoginPageTest@6a41eaa2]" name="logoImagetest" duration-ms="207" started-at="2019-09-25T11:09:14Z" finished-at="2019-09-25T11:09:15Z">
          <reporter-output>
          </reporter-output>
        </test-method> <!-- logoImagetest -->
        <test-method status="PASS" signature="tearDown()[pri:0, instance:com.demo.testcases.LoginPageTest@6a41eaa2]" name="tearDown" is-config="true" duration-ms="680" started-at="2019-09-25T11:09:15Z" finished-at="2019-09-25T11:09:15Z">
          <reporter-output>
          </reporter-output>
        </test-method> <!-- tearDown -->
        <test-method status="PASS" signature="setup()[pri:0, instance:com.demo.testcases.LoginPageTest@6a41eaa2]" name="setup" is-config="true" duration-ms="15014" started-at="2019-09-25T11:09:15Z" finished-at="2019-09-25T11:09:30Z">
          <reporter-output>
          </reporter-output>
        </test-method> <!-- setup -->
        <test-method status="PASS" signature="logintest()[pri:3, instance:com.demo.testcases.LoginPageTest@6a41eaa2]" name="logintest" duration-ms="561" started-at="2019-09-25T11:09:30Z" finished-at="2019-09-25T11:09:31Z">
          <reporter-output>
          </reporter-output>
        </test-method> <!-- logintest -->
        <test-method status="PASS" signature="tearDown()[pri:0, instance:com.demo.testcases.LoginPageTest@6a41eaa2]" name="tearDown" is-config="true" duration-ms="683" started-at="2019-09-25T11:09:31Z" finished-at="2019-09-25T11:09:32Z">
          <reporter-output>
          </reporter-output>
        </test-method> <!-- tearDown -->
      </class> <!-- com.demo.testcases.LoginPageTest -->
    </test> <!-- Default test -->
  </suite> <!-- Default suite -->
</testng-results>
