<?xml version="1.0" encoding="UTF-8"?>
<!-- Generated by org.testng.reporters.JUnitXMLReporter -->
<testsuite hostname="TNINCHD009" ignored="0" name="Default test" tests="3" failures="0" timestamp="25 Sep 2019 11:09:32 GMT" time="62.688" errors="0">
  <testcase name="loginpagetitletest" time="0.016" classname="com.demo.testcases.LoginPageTest"/>
  <testcase name="logoImagetest" time="0.207" classname="com.demo.testcases.LoginPageTest"/>
  <testcase name="logintest" time="0.561" classname="com.demo.testcases.LoginPageTest"/>
</testsuite> <!-- Default test -->
